<?xml version="1.0" encoding="UTF-8"?>
<testsuite xmlns:xsi="http://www.w3.org/2001/XMLSchema-instance" xsi:noNamespaceSchemaLocation="https://maven.apache.org/surefire/maven-surefire-plugin/xsd/surefire-test-report.xsd" name="com.forge.revature.demo.CertificationTest" time="0.003" tests="13" errors="0" skipped="0" failures="0">
  <properties>
[...]
</properties>
  <testcase name="checkGetCertId" classname="com.forge.revature.demo.CertificationTest" time="0"/>
  <testcase name="checkGetPortfolio" classname="com.forge.revature.demo.CertificationTest" time="0"/>
  <testcase name="checkGetPublicUrl" classname="com.forge.revature.demo.CertificationTest" time="0"/>
  <testcase name="checkGetName" classname="com.forge.revature.demo.CertificationTest" time="0"/>
  <testcase name="checkSetPortfolio" classname="com.forge.revature.demo.CertificationTest" time="0"/>
  <testcase name="checkSetPublicUrl" classname="com.forge.revature.demo.CertificationTest" time="0"/>
  <testcase name="checkCertificationCreated" classname="com.forge.revature.demo.CertificationTest" time="0"/>
  <testcase name="checkSetIssuedBy" classname="com.forge.revature.demo.CertificationTest" time="0"/>
  <testcase name="checkSetIssuedOn" classname="com.forge.revature.demo.CertificationTest" time="0"/>
  <testcase name="checkGetIssuedBy" classname="com.forge.revature.demo.CertificationTest" time="0"/>
  <testcase name="checkGetIssuedOn" classname="com.forge.revature.demo.CertificationTest" time="0"/>
  <testcase name="checkSetName" classname="com.forge.revature.demo.CertificationTest" time="0"/>
  <testcase name="checkSetCertId" classname="com.forge.revature.demo.CertificationTest" time="0"/>
</testsuite>